<!DOCTYPE html>
<html lang="en">
<head>
    <meta charset="UTF-8">
    <title>Rapport des tests initiaux</title>
</head>
<body>
> Task :test FAILED
---- IntelliJ IDEA coverage runner ----
sampling ...
include patterns:
exclude patterns:
[2022.01.25 15:15:22] (Coverage): Error during class instrumentation: kotlinx.coroutines.debug.internal.DebugProbesImpl: java.lang.StringIndexOutOfBoundsException: begin 0, end -1, length 14
[2022.01.25 15:15:22] (Coverage): Error during class instrumentation: kotlinx.coroutines.debug.internal.ConcurrentWeakMap$Core: java.lang.StringIndexOutOfBoundsException: begin 0, end -1, length 14
Class transformation time: 0.2340994s for 1409 classes or 1.6614577714691272E-4s per class

Execution failed for task ':test'.
> No tests found for given includes: [fr.iut.tdfm331.td1.service.ListApiServiceTest](filter.includeTestsMatching)

* Try:
Run with --stacktrace option to get the stack trace. Run with --info or --debug option to get more log output. Run with --scan to get full insights.
</body>
</html>